  pbc-lua.c
  print.c
  lzio.c
  lvm.c
  lundump.c
  lua.c
  ltm.c
  ltablib.c
  ltable.c
  lstrlib.c
  lstring.c
  lstate.c
  lparser.c
  loslib.c
  lopcodes.c
  lobject.c
  loadlib.c
  lmem.c
  lmathlib.c
  llex.c
  正在生成代码...
  正在编译...
  liolib.c
  linit.c
  lgc.c
  lfunc.c
  ldump.c
  ldo.c
  ldebug.c
  ldblib.c
  lcode.c
  lbaselib.c
  lauxlib.c
  lapi.c
  winsock.c
  winapi.c
  util.c
  udp.c
  tty.c
f:\gitpro\server\external\libuv\src\win\tty.c(2188): warning C4996: 'close': The POSIX name for this item is deprecated. Instead, use the ISO C and C++ conformant name: _close. See online help for details.
  c:\program files (x86)\windows kits\10\include\10.0.10240.0\ucrt\corecrt_io.h(457): note: 参见“close”的声明
  timer.c
  thread.c
  tcp.c
  正在生成代码...
  正在编译...
  stream.c
  snprintf.c
  signal.c
  req.c
  process.c
f:\gitpro\server\external\libuv\src\win\process.c(521): warning C4996: 'wcsrev': The POSIX name for this item is deprecated. Instead, use the ISO C and C++ conformant name: _wcsrev. See online help for details.
  c:\program files (x86)\windows kits\10\include\10.0.10240.0\ucrt\corecrt_wstring.h(607): note: 参见“wcsrev”的声明
  process-stdio.c
  poll.c
  pipe.c
f:\gitpro\server\external\libuv\src\win\pipe.c(191): warning C4996: 'close': The POSIX name for this item is deprecated. Instead, use the ISO C and C++ conformant name: _close. See online help for details.
  c:\program files (x86)\windows kits\10\include\10.0.10240.0\ucrt\corecrt_io.h(457): note: 参见“close”的声明
  loop-watcher.c
  handle.c
  getnameinfo.c
  getaddrinfo.c
  fs.c
f:\gitpro\server\external\libuv\src\win\fs.c(415): warning C4996: 'umask': The POSIX name for this item is deprecated. Instead, use the ISO C and C++ conformant name: _umask. See online help for details.
  c:\program files (x86)\windows kits\10\include\10.0.10240.0\ucrt\corecrt_io.h(546): note: 参见“umask”的声明
f:\gitpro\server\external\libuv\src\win\fs.c(416): warning C4996: 'umask': The POSIX name for this item is deprecated. Instead, use the ISO C and C++ conformant name: _umask. See online help for details.
  c:\program files (x86)\windows kits\10\include\10.0.10240.0\ucrt\corecrt_io.h(546): note: 参见“umask”的声明
  fs-event.c
f:\gitpro\server\external\libuv\src\win\fs-event.c(111): warning C4996: 'wcsdup': The POSIX name for this item is deprecated. Instead, use the ISO C and C++ conformant name: _wcsdup. See online help for details.
  c:\program files (x86)\windows kits\10\include\10.0.10240.0\ucrt\corecrt_wstring.h(573): note: 参见“wcsdup”的声明
  error.c
  dl.c
  detect-wakeup.c
  core.c
  async.c
  version.c
  正在生成代码...
  正在编译...
  uv-data-getter-setters.c
  uv-common.c
  threadpool.c
  inet.c
  fs-poll.c
  lfs.c
f:\gitpro\server\external\lfs\lfs.c(112): warning C4996: 'chdir': The POSIX name for this item is deprecated. Instead, use the ISO C and C++ conformant name: _chdir. See online help for details.
  c:\program files (x86)\windows kits\10\include\10.0.10240.0\ucrt\direct.h(99): note: 参见“chdir”的声明
f:\gitpro\server\external\lfs\lfs.c(130): warning C4996: 'getcwd': The POSIX name for this item is deprecated. Instead, use the ISO C and C++ conformant name: _getcwd. See online help for details.
  c:\program files (x86)\windows kits\10\include\10.0.10240.0\ucrt\direct.h(91): note: 参见“getcwd”的声明
f:\gitpro\server\external\lfs\lfs.c(190): warning C4996: 'fileno': The POSIX name for this item is deprecated. Instead, use the ISO C and C++ conformant name: _fileno. See online help for details.
  c:\program files (x86)\windows kits\10\include\10.0.10240.0\ucrt\stdio.h(2450): note: 参见“fileno”的声明
f:\gitpro\server\external\lfs\lfs.c(294): warning C4996: 'umask': The POSIX name for this item is deprecated. Instead, use the ISO C and C++ conformant name: _umask. See online help for details.
  c:\program files (x86)\windows kits\10\include\10.0.10240.0\ucrt\corecrt_io.h(546): note: 参见“umask”的声明
f:\gitpro\server\external\lfs\lfs.c(306): warning C4996: 'umask': The POSIX name for this item is deprecated. Instead, use the ISO C and C++ conformant name: _umask. See online help for details.
  c:\program files (x86)\windows kits\10\include\10.0.10240.0\ucrt\corecrt_io.h(546): note: 参见“umask”的声明
f:\gitpro\server\external\lfs\lfs.c(319): warning C4996: 'rmdir': The POSIX name for this item is deprecated. Instead, use the ISO C and C++ conformant name: _rmdir. See online help for details.
  c:\program files (x86)\windows kits\10\include\10.0.10240.0\ucrt\direct.h(113): note: 参见“rmdir”的声明
f:\gitpro\server\external\lfs\lfs.c(498): warning C4244: “函数”: 从“time_t”转换到“lua_Number”，可能丢失数据
f:\gitpro\server\external\lfs\lfs.c(541): warning C4244: “函数”: 从“__time64_t”转换到“lua_Number”，可能丢失数据
f:\gitpro\server\external\lfs\lfs.c(545): warning C4244: “函数”: 从“__time64_t”转换到“lua_Number”，可能丢失数据
f:\gitpro\server\external\lfs\lfs.c(549): warning C4244: “函数”: 从“__time64_t”转换到“lua_Number”，可能丢失数据
  正在生成代码...
  lua_modules.cpp
  LuaFunction.cpp
  DUSchedulerTimer.cpp
f:\gitpro\server\server\src\base\duschedulertimer.cpp : warning C4819: 该文件包含不能在当前代码页(936)中表示的字符。请将该文件保存为 Unicode 格式以防止数据丢失
f:\gitpro\server\server\src\base\duschedulertimer.h : warning C4819: 该文件包含不能在当前代码页(936)中表示的字符。请将该文件保存为 Unicode 格式以防止数据丢失
f:\gitpro\server\server\src\base\dusmartptr.h : warning C4819: 该文件包含不能在当前代码页(936)中表示的字符。请将该文件保存为 Unicode 格式以防止数据丢失
f:\gitpro\server\server\src\base\duobject.h : warning C4819: 该文件包含不能在当前代码页(936)中表示的字符。请将该文件保存为 Unicode 格式以防止数据丢失
f:\gitpro\server\server\src\base\duscheduler.h : warning C4819: 该文件包含不能在当前代码页(936)中表示的字符。请将该文件保存为 Unicode 格式以防止数据丢失
  DUScheduler.cpp
f:\gitpro\server\server\src\base\duscheduler.cpp : warning C4819: 该文件包含不能在当前代码页(936)中表示的字符。请将该文件保存为 Unicode 格式以防止数据丢失
f:\gitpro\server\server\src\base\duscheduler.h : warning C4819: 该文件包含不能在当前代码页(936)中表示的字符。请将该文件保存为 Unicode 格式以防止数据丢失
f:\gitpro\server\server\src\base\duschedulertimer.h : warning C4819: 该文件包含不能在当前代码页(936)中表示的字符。请将该文件保存为 Unicode 格式以防止数据丢失
f:\gitpro\server\server\src\base\dusmartptr.h : warning C4819: 该文件包含不能在当前代码页(936)中表示的字符。请将该文件保存为 Unicode 格式以防止数据丢失
f:\gitpro\server\server\src\base\duobject.h : warning C4819: 该文件包含不能在当前代码页(936)中表示的字符。请将该文件保存为 Unicode 格式以防止数据丢失
  DUObject.cpp
f:\gitpro\server\server\src\base\duobject.cpp : warning C4819: 该文件包含不能在当前代码页(936)中表示的字符。请将该文件保存为 Unicode 格式以防止数据丢失
f:\gitpro\server\server\src\base\duobject.h : warning C4819: 该文件包含不能在当前代码页(936)中表示的字符。请将该文件保存为 Unicode 格式以防止数据丢失
f:\gitpro\server\server\src\base\duscheduler.h : warning C4819: 该文件包含不能在当前代码页(936)中表示的字符。请将该文件保存为 Unicode 格式以防止数据丢失
f:\gitpro\server\server\src\base\duschedulertimer.h : warning C4819: 该文件包含不能在当前代码页(936)中表示的字符。请将该文件保存为 Unicode 格式以防止数据丢失
f:\gitpro\server\server\src\base\dusmartptr.h : warning C4819: 该文件包含不能在当前代码页(936)中表示的字符。请将该文件保存为 Unicode 格式以防止数据丢失
  server.cpp
f:\gitpro\server\server\src\base\duscheduler.h : warning C4819: 该文件包含不能在当前代码页(936)中表示的字符。请将该文件保存为 Unicode 格式以防止数据丢失
f:\gitpro\server\server\src\base\duschedulertimer.h : warning C4819: 该文件包含不能在当前代码页(936)中表示的字符。请将该文件保存为 Unicode 格式以防止数据丢失
f:\gitpro\server\server\src\base\dusmartptr.h : warning C4819: 该文件包含不能在当前代码页(936)中表示的字符。请将该文件保存为 Unicode 格式以防止数据丢失
f:\gitpro\server\server\src\base\duobject.h : warning C4819: 该文件包含不能在当前代码页(936)中表示的字符。请将该文件保存为 Unicode 格式以防止数据丢失
f:\gitpro\server\server\server.cpp(33): warning C4305: “参数”: 从“double”到“float”截断
  wmessage.cpp
f:\gitpro\server\external\pbc\src\wmessage.cpp(228): warning C4244: “参数”: 从“double”转换到“float”，可能丢失数据
f:\gitpro\server\external\pbc\src\wmessage.cpp(383): warning C4244: “参数”: 从“double”转换到“float”，可能丢失数据
  varint.cpp
f:\gitpro\server\external\pbc\src\varint.cpp(100): warning C4146: 一元负运算符应用于无符号类型，结果仍为无符号类型
f:\gitpro\server\external\pbc\src\varint.cpp(101): warning C4146: 一元负运算符应用于无符号类型，结果仍为无符号类型
f:\gitpro\server\external\pbc\src\varint.cpp(108): warning C4146: 一元负运算符应用于无符号类型，结果仍为无符号类型
f:\gitpro\server\external\pbc\src\varint.cpp(109): warning C4146: 一元负运算符应用于无符号类型，结果仍为无符号类型
  stringpool.cpp
  rmessage.cpp
  register.cpp
  proto.cpp
  pattern.cpp
f:\gitpro\server\external\pbc\src\pattern.cpp(124): warning C4244: “=”: 从“uint16_t”转换到“uint8_t”，可能丢失数据
  map.cpp
f:\gitpro\server\external\pbc\src\map.cpp(447): warning C4018: “<”: 有符号/无符号不匹配
  decode.cpp
  context.cpp
f:\gitpro\server\external\pbc\src\context.cpp(68): warning C4018: “<”: 有符号/无符号不匹配
  bootstrap.cpp
  array.cpp
  alloc.cpp
  TCPUtils.cpp
  正在生成代码...
  正在编译...
  TCPSocket.cpp
f:\gitpro\server\external\libuv\uvtcp\tcpsocket.cpp(47): warning C4244: “参数”: 从“double”转换到“int”，可能丢失数据
  TCPServer.cpp
  TCPCommon.cpp
  TCPClient.cpp
f:\gitpro\server\external\libuv\uvtcp\tcpclient.cpp(272): warning C4800: “int”: 将值强制为布尔值“true”或“false”(性能警告)
  md5.cpp
f:\gitpro\server\external\libuv\uvtcp\md5.cpp(135): warning C4244: “参数”: 从“std::streamsize”转换到“std::size_t”，可能丢失数据
  正在生成代码...
  server.vcxproj -> F:\gitPro\server\Debug\server.exe
  server.vcxproj -> F:\gitPro\server\Debug\server.pdb (Full PDB)
